2021.11.2|1:25
DiscordAPIError: Unknown Webhook

---------------------

2021.11.2|1:25
DiscordAPIError: Unknown Webhook

---------------------

2021.11.2|1:26
DiscordAPIError: Unknown Webhook

---------------------

2021.11.2|1:26
DiscordAPIError: Unknown Webhook

---------------------

2021.11.2|1:28
RangeError [MESSAGE_CONTENT_TYPE]: Message content must be a non-empty string.

---------------------

2021.11.2|1:29
DiscordAPIError: Unknown Webhook

---------------------

2021.11.3|19:10
DiscordAPIError: Unknown Webhook

---------------------

2021.11.3|19:13
DiscordAPIError: Unknown Webhook

---------------------

2021.11.3|19:56
DiscordAPIError: Unknown Webhook

---------------------

2021.11.5|1:31
Error [INTERACTION_ALREADY_REPLIED]: The reply to this interaction has already been sent or deferred.

---------------------

2021.11.5|1:40
Error [INTERACTION_ALREADY_REPLIED]: The reply to this interaction has already been sent or deferred.

---------------------

2021.11.5|1:56
Error [INTERACTION_ALREADY_REPLIED]: The reply to this interaction has already been sent or deferred.

---------------------

